<?xml version="1.0" encoding="UTF-8"?>
<!-- Generated by org.testng.reporters.JUnitXMLReporter -->
<testsuite ignored="0" hostname="DESKTOP-GNH1D8K" failures="0" tests="10" name="Test" time="67.354" errors="0" timestamp="2022-07-19T13:15:10 IST">
  <testcase classname="ModuleLogin_Test.Login1PageTest1" name="VerifyLogoAndText" time="0.414"/>
  <testcase classname="ModuleLogin_Test.Login1PageTest1" name="verifyForgotAndSignupNowLinks" time="0.139"/>
  <testcase classname="ModuleLogin_Test.Login1PageTest1" name="verifyUnPasswordLoginBtn" time="0.193"/>
  <testcase classname="ModuleLogin_Test.Login2PageTest" name="verifyContinueBtn" time="0.182"/>
  <testcase classname="ModuleLogin_Test.Login2PageTest" name="verifyForgot2FALink" time="0.115"/>
  <testcase classname="ModuleLogin_Test.Login2PageTest" name="verifyLockIcon" time="0.077"/>
  <testcase classname="ModuleLogin_Test.Login2PageTest" name="verifyLogo" time="0.061"/>
  <testcase classname="ModuleLogin_Test.Login2PageTest" name="verifyPinTextBox" time="0.051"/>
  <testcase classname="ModuleLogin_Test.Login2PageTest" name="verifyUserIdTextBox" time="0.056"/>
  <testcase classname="ModuleHome_Test.KiteHomeUserIdTest" name="verifyUserId" time="9.999"/>
</testsuite> <!-- Test -->
